<?xml version="1.0" encoding="UTF-8"?>
<!-- Generated by org.testng.reporters.JUnitXMLReporter -->
<testsuite hostname="ODBWL-MASWATH" ignored="0" name="Surefire test" tests="5" failures="0" timestamp="2022-11-29T18:33:03 GMT" time="26.496" errors="0">
  <testcase name="ShouldNotBeAbleToCreateAPlaylistWithExpiredToken" time="18.1" classname="com.spotify.oauth2.tests.PlaylistTests"/>
  <testcase name="ShouldNotBeAbleToCreateAPlaylistWithName" time="24.754" classname="com.spotify.oauth2.tests.PlaylistTests"/>
  <testcase name="ShouldBeAbleToUpdateAPlaylist" time="24.852" classname="com.spotify.oauth2.tests.PlaylistTests"/>
  <testcase name="ShouldBeAbleToGetAPlaylist" time="25.103" classname="com.spotify.oauth2.tests.PlaylistTests"/>
  <testcase name="ShouldBeAbleToCreateAPlaylist" time="25.118" classname="com.spotify.oauth2.tests.PlaylistTests"/>
</testsuite> <!-- Surefire test -->
