<?xml version="1.0" encoding="UTF-8"?>
<testng-results skipped="0" failed="0" ignored="0" total="5" passed="5">
  <reporter-output>
  </reporter-output>
  <suite name="Surefire suite" duration-ms="26496" started-at="2022-11-29T18:32:36 GMT" finished-at="2022-11-29T18:33:03 GMT">
    <groups>
    </groups>
    <test name="Surefire test" duration-ms="26496" started-at="2022-11-29T18:32:36 GMT" finished-at="2022-11-29T18:33:03 GMT">
      <class name="com.spotify.oauth2.tests.PlaylistTests">
        <test-method status="PASS" signature="beforeMethod(java.lang.reflect.Method)[pri:0, instance:com.spotify.oauth2.tests.PlaylistTests@7d0332e1]" name="beforeMethod" is-config="true" duration-ms="103" started-at="2022-11-29T18:32:37 GMT" finished-at="2022-11-29T18:32:37 GMT">
          <params>
            <param index="0">
              <value>
                <![CDATA[public void com.spotify.oauth2.tests.PlaylistTests.ShouldNotBeAbleToCreateAPlaylistWithName()]]>
              </value>
            </param>
          </params>
          <reporter-output>
          </reporter-output>
        </test-method> <!-- beforeMethod -->
        <test-method status="PASS" signature="beforeMethod(java.lang.reflect.Method)[pri:0, instance:com.spotify.oauth2.tests.PlaylistTests@7d0332e1]" name="beforeMethod" is-config="true" duration-ms="97" started-at="2022-11-29T18:32:37 GMT" finished-at="2022-11-29T18:32:37 GMT">
          <params>
            <param index="0">
              <value>
                <![CDATA[public void com.spotify.oauth2.tests.PlaylistTests.ShouldBeAbleToUpdateAPlaylist()]]>
              </value>
            </param>
          </params>
          <reporter-output>
          </reporter-output>
        </test-method> <!-- beforeMethod -->
        <test-method status="PASS" signature="beforeMethod(java.lang.reflect.Method)[pri:0, instance:com.spotify.oauth2.tests.PlaylistTests@7d0332e1]" name="beforeMethod" is-config="true" duration-ms="98" started-at="2022-11-29T18:32:37 GMT" finished-at="2022-11-29T18:32:37 GMT">
          <params>
            <param index="0">
              <value>
                <![CDATA[public void com.spotify.oauth2.tests.PlaylistTests.ShouldBeAbleToGetAPlaylist()]]>
              </value>
            </param>
          </params>
          <reporter-output>
          </reporter-output>
        </test-method> <!-- beforeMethod -->
        <test-method status="PASS" signature="beforeMethod(java.lang.reflect.Method)[pri:0, instance:com.spotify.oauth2.tests.PlaylistTests@7d0332e1]" name="beforeMethod" is-config="true" duration-ms="99" started-at="2022-11-29T18:32:37 GMT" finished-at="2022-11-29T18:32:37 GMT">
          <params>
            <param index="0">
              <value>
                <![CDATA[public void com.spotify.oauth2.tests.PlaylistTests.ShouldNotBeAbleToCreateAPlaylistWithExpiredToken()]]>
              </value>
            </param>
          </params>
          <reporter-output>
          </reporter-output>
        </test-method> <!-- beforeMethod -->
        <test-method status="PASS" signature="beforeMethod(java.lang.reflect.Method)[pri:0, instance:com.spotify.oauth2.tests.PlaylistTests@7d0332e1]" name="beforeMethod" is-config="true" duration-ms="100" started-at="2022-11-29T18:32:37 GMT" finished-at="2022-11-29T18:32:37 GMT">
          <params>
            <param index="0">
              <value>
                <![CDATA[public void com.spotify.oauth2.tests.PlaylistTests.ShouldBeAbleToCreateAPlaylist()]]>
              </value>
            </param>
          </params>
          <reporter-output>
          </reporter-output>
        </test-method> <!-- beforeMethod -->
        <test-method status="PASS" signature="ShouldNotBeAbleToCreateAPlaylistWithExpiredToken()[pri:0, instance:com.spotify.oauth2.tests.PlaylistTests@7d0332e1]" name="ShouldNotBeAbleToCreateAPlaylistWithExpiredToken" duration-ms="18100" started-at="2022-11-29T18:32:38 GMT" finished-at="2022-11-29T18:32:56 GMT">
          <reporter-output>
          </reporter-output>
        </test-method> <!-- ShouldNotBeAbleToCreateAPlaylistWithExpiredToken -->
        <test-method status="PASS" signature="ShouldBeAbleToCreateAPlaylist()[pri:0, instance:com.spotify.oauth2.tests.PlaylistTests@7d0332e1]" name="ShouldBeAbleToCreateAPlaylist" duration-ms="25118" started-at="2022-11-29T18:32:38 GMT" description="should be able to create a playlist" finished-at="2022-11-29T18:33:03 GMT">
          <reporter-output>
          </reporter-output>
        </test-method> <!-- ShouldBeAbleToCreateAPlaylist -->
        <test-method status="PASS" signature="ShouldNotBeAbleToCreateAPlaylistWithName()[pri:0, instance:com.spotify.oauth2.tests.PlaylistTests@7d0332e1]" name="ShouldNotBeAbleToCreateAPlaylistWithName" duration-ms="24754" started-at="2022-11-29T18:32:38 GMT" finished-at="2022-11-29T18:33:02 GMT">
          <reporter-output>
          </reporter-output>
        </test-method> <!-- ShouldNotBeAbleToCreateAPlaylistWithName -->
        <test-method status="PASS" signature="ShouldBeAbleToUpdateAPlaylist()[pri:0, instance:com.spotify.oauth2.tests.PlaylistTests@7d0332e1]" name="ShouldBeAbleToUpdateAPlaylist" duration-ms="24852" started-at="2022-11-29T18:32:38 GMT" finished-at="2022-11-29T18:33:02 GMT">
          <reporter-output>
          </reporter-output>
        </test-method> <!-- ShouldBeAbleToUpdateAPlaylist -->
        <test-method status="PASS" signature="ShouldBeAbleToGetAPlaylist()[pri:0, instance:com.spotify.oauth2.tests.PlaylistTests@7d0332e1]" name="ShouldBeAbleToGetAPlaylist" duration-ms="25103" started-at="2022-11-29T18:32:38 GMT" finished-at="2022-11-29T18:33:03 GMT">
          <reporter-output>
          </reporter-output>
        </test-method> <!-- ShouldBeAbleToGetAPlaylist -->
      </class> <!-- com.spotify.oauth2.tests.PlaylistTests -->
    </test> <!-- Surefire test -->
  </suite> <!-- Surefire suite -->
</testng-results>
