<?xml version="1.0" encoding="UTF-8"?>
<testsuite xmlns:xsi="http://www.w3.org/2001/XMLSchema-instance" xsi:noNamespaceSchemaLocation="https://maven.apache.org/surefire/maven-surefire-plugin/xsd/surefire-test-report-3.0.xsd" version="3.0" name="TestSuite" time="44.964" tests="5" errors="0" skipped="0" failures="0">
  <properties>
[...]
</properties>
  <testcase name="ShouldNotBeAbleToCreateAPlaylistWithExpiredToken" classname="com.spotify.oauth2.tests.PlaylistTests" time="31.949">
    <system-out><![CDATA[STARTING TEST: ShouldBeAbleToUpdateAPlaylist
THREAD ID: 15
STARTING TEST: ShouldBeAbleToGetAPlaylist
THREAD ID: 14
STARTING TEST: ShouldNotBeAbleToCreateAPlaylistWithExpiredToken
THREAD ID: 16
STARTING TEST: ShouldNotBeAbleToCreateAPlaylistWithName
THREAD ID: 17
STARTING TEST: ShouldBeAbleToCreateAPlaylist
THREAD ID: 13
Renewing token ...
Request method:	POST
Request URI:	https://accounts.spotify.com/api/token
Proxy:			<none>
Request params:	<none>
Query params:	<none>
Form params:	refresh_token=AQD7HFj5TrExkdoCKME4WiVAIWHoN7AXgSFegpZOztd5J1MVt-2wo-GjagWnB50r02yDmdJwSWfyeO8aTnqRMbQTEJeuFT4YRXfJ-yfhQ6a8BDML5dV3aACN8qkAOB5WuJU
				grant_type=refresh_token
				client_secret=321e7ec521064d35b1ca76ece32ac42b
				client_id=1c3e1344c3c646e9ada3ecf665b063a5
Path params:	<none>
Headers:		Accept=*/*
				Content-Type=application/x-www-form-urlencoded; charset=ISO-8859-1
Cookies:		<none>
Multiparts:		<none>
Body:			<none>
Request method:	POST
Request URI:	https://api.spotify.com/v1/users/31ihsjyoksy6uizqpvoarcunerc4/playlists
Proxy:			<none>
Request params:	<none>
Query params:	<none>
Form params:	<none>
Path params:	<none>
Headers:		Accept=*/*
				Content-Type=application/json; charset=UTF-8
Cookies:		<none>
Multiparts:		<none>
Body:
{
    "description": "Description t6-+_7&__ E&&Ip_+._X _&#F_5+_  &&V&&0+ f#_+6J&W u ",
    "name": "Playlist j_f_7o9Q-_",
    "public": false
}
HTTP/1.1 401 Unauthorized
www-authenticate: Bearer realm="spotify", error="invalid_token", error_description="Invalid access token"
access-control-allow-origin: *
access-control-allow-headers: Accept, App-Platform, Authorization, Content-Type, Origin, Retry-After, Spotify-App-Version, X-Cloud-Trace-Context, client-token, content-access-token
access-control-allow-methods: GET, POST, OPTIONS, PUT, DELETE, PATCH
access-control-allow-credentials: true
access-control-max-age: 604800
content-type: application/json
content-encoding: gzip
strict-transport-security: max-age=31536000
x-content-type-options: nosniff
date: Tue, 29 Nov 2022 18:32:54 GMT
server: envoy
Via: HTTP/2 edgeproxy, 1.1 google
Alt-Svc: h3=":443"; ma=2592000,h3-29=":443"; ma=2592000
Transfer-Encoding: chunked

{
    "error": {
        "status": 401,
        "message": "Invalid access token"
    }
}
HTTP/1.1 200 OK
date: Tue, 29 Nov 2022 18:32:55 GMT
content-type: application/json
vary: Accept-Encoding
set-cookie: __Host-device_id=AQDsadUo-7-fUY2ov0jnHLjg8-0uECGf_piFQL6VVuk1_0tlmVxL5m2IQGAtgD1YkHkQG_jMjV0N1YOXYJNXtBXj1TsXi9zZCHI;Version=1;Path=/;Max-Age=2147483647;Secure;HttpOnly;SameSite=Lax
set-cookie: sp_tr=false;Version=1;Domain=accounts.spotify.com;Path=/;Secure;SameSite=Lax
sp-trace-id: 8d1a7a75344845b5
content-encoding: gzip
x-envoy-upstream-service-time: 90
server: envoy
strict-transport-security: max-age=31536000
x-content-type-options: nosniff
Via: HTTP/2 edgeproxy, 1.1 google
Alt-Svc: h3=":443"; ma=2592000,h3-29=":443"; ma=2592000
Transfer-Encoding: chunked

{
    "access_token": "BQCVsgAbvOaKFibXODR8N0gBqNfP8FiYExaqzZd0tQGEwPhCIvGJlyEWY6ta6INnJ_UFaHUBY_IL2cABBuPbDd-ZoDxlcmMPJM1proiA78lcuB6xo9PhGa4_e-Hy78ifQuO_kMet49UsFUpe2gAn1hKxhoPGnMCc0Nc3e1ykVL6X6I5PhmeqJR9p4g0gY7E4bPrjhc1aRZ8X5OonQIJAKZ-1stVuwIHgzbX7cAgp9EUSQdG8qnXEsKZKl_bo9EzC-Gkw4Nxe1-5S04bG",
    "token_type": "Bearer",
    "expires_in": 3600,
    "scope": "playlist-read-private playlist-read-collaborative playlist-modify-private playlist-modify-public"
}
]]></system-out>
    <system-err><![CDATA[SLF4J: Failed to load class "org.slf4j.impl.StaticLoggerBinder".
SLF4J: Defaulting to no-operation (NOP) logger implementation
SLF4J: See http://www.slf4j.org/codes.html#StaticLoggerBinder for further details.
]]></system-err>
  </testcase>
  <testcase name="ShouldBeAbleToUpdateAPlaylist" classname="com.spotify.oauth2.tests.PlaylistTests" time="33.301">
    <system-out><![CDATA[Token is good to use
Token is good to use
Token is good to use
Request method:	GET
Request URI:	https://api.spotify.com/v1/playlists/3QmhZrsafpANNgZXDKBf9U
Proxy:			<none>
Request params:	<none>
Query params:	<none>
Form params:	<none>
Path params:	<none>
Headers:		Accept=*/*
				Content-Type=application/json; charset=UTF-8
Cookies:		<none>
Multiparts:		<none>
Body:			<none>
Request method:	PUT
Request URI:	https://api.spotify.com/v1/playlists/22sSkwtzViflkrPpisP4BU
Proxy:			<none>
Request params:	<none>
Query params:	<none>
Form params:	<none>
Path params:	<none>
Headers:		Accept=*/*
				Content-Type=application/json; charset=UTF-8
Cookies:		<none>
Multiparts:		<none>
Body:
{
    "description": "Description C&_c&_f&9B /#&#b n4++4+#&E633B+g&.#z&_&#_&+_N  _  ",
    "name": "Playlist _3 W_3,,9 ",
    "public": false
}
Request method:	POST
Request URI:	https://api.spotify.com/v1/users/31ihsjyoksy6uizqpvoarcunerc4/playlists
Proxy:			<none>
Request params:	<none>
Query params:	<none>
Form params:	<none>
Path params:	<none>
Headers:		Accept=*/*
				Content-Type=application/json; charset=UTF-8
Cookies:		<none>
Multiparts:		<none>
Body:
{
    "description": "Description ++1_0_6#1&2&##er&&&_y#+&_P#+0+ N/+&jC# 9_ _ r+_##L",
    "name": "Playlist __,v_FHN,_",
    "public": false
}
Request method:	POST
Request URI:	https://api.spotify.com/v1/users/31ihsjyoksy6uizqpvoarcunerc4/playlists
Proxy:			<none>
Request params:	<none>
Query params:	<none>
Form params:	<none>
Path params:	<none>
Headers:		Accept=*/*
				Content-Type=application/json; charset=UTF-8
Cookies:		<none>
Multiparts:		<none>
Body:
{
    "description": "Description &_ _+###&+# 5S###H+_& .#+j#U _ +_&+5&+A#&3H#_+ _#_",
    "name": "",
    "public": false
}
HTTP/1.1 400 Bad Request
content-type: application/json; charset=utf-8
cache-control: private, max-age=0
x-robots-tag: noindex, nofollow
access-control-allow-origin: *
access-control-allow-headers: Accept, App-Platform, Authorization, Content-Type, Origin, Retry-After, Spotify-App-Version, X-Cloud-Trace-Context, client-token, content-access-token
access-control-allow-methods: GET, POST, OPTIONS, PUT, DELETE, PATCH
access-control-allow-credentials: true
access-control-max-age: 604800
content-encoding: gzip
strict-transport-security: max-age=31536000
x-content-type-options: nosniff
date: Tue, 29 Nov 2022 18:33:03 GMT
server: envoy
Via: HTTP/2 edgeproxy, 1.1 google
Alt-Svc: h3=":443"; ma=2592000,h3-29=":443"; ma=2592000
Transfer-Encoding: chunked

{
    "error": {
        "status": 400,
        "message": "Missing required field: name"
    }
}
HTTP/1.1 200 OK
cache-control: private, max-age=0
x-robots-tag: noindex, nofollow
access-control-allow-origin: *
access-control-allow-headers: Accept, App-Platform, Authorization, Content-Type, Origin, Retry-After, Spotify-App-Version, X-Cloud-Trace-Context, client-token, content-access-token
access-control-allow-methods: GET, POST, OPTIONS, PUT, DELETE, PATCH
access-control-allow-credentials: true
access-control-max-age: 604800
Content-Length: 0
strict-transport-security: max-age=31536000
x-content-type-options: nosniff
date: Tue, 29 Nov 2022 18:33:03 GMT
server: envoy
Via: HTTP/2 edgeproxy, 1.1 google
Alt-Svc: h3=":443"; ma=2592000,h3-29=":443"; ma=2592000
HTTP/1.1 200 OK
content-type: application/json; charset=utf-8
cache-control: public, max-age=0
etag: "MC-IjU0NWUzYWVkZTc5ZWJkM2MwYzEwMmNkODUzZDI4ZjUyIg=="
x-robots-tag: noindex, nofollow
access-control-allow-origin: *
access-control-allow-headers: Accept, App-Platform, Authorization, Content-Type, Origin, Retry-After, Spotify-App-Version, X-Cloud-Trace-Context, client-token, content-access-token
access-control-allow-methods: GET, POST, OPTIONS, PUT, DELETE, PATCH
access-control-allow-credentials: true
access-control-max-age: 604800
content-encoding: gzip
strict-transport-security: max-age=31536000
x-content-type-options: nosniff
date: Tue, 29 Nov 2022 18:33:03 GMT
server: envoy
Via: HTTP/2 edgeproxy, 1.1 google
Alt-Svc: h3=":443"; ma=2592000,h3-29=":443"; ma=2592000
Transfer-Encoding: chunked

{
    "collaborative": false,
    "description": "Updated playlist description",
    "external_urls": {
        "spotify": "https://open.spotify.com/playlist/3QmhZrsafpANNgZXDKBf9U"
    },
    "followers": {
        "href": null,
        "total": 0
    },
    "href": "https://api.spotify.com/v1/playlists/3QmhZrsafpANNgZXDKBf9U",
    "id": "3QmhZrsafpANNgZXDKBf9U",
    "images": [
        
    ],
    "name": "Updated Playlist Name",
    "owner": {
        "display_name": "Madhu",
        "external_urls": {
            "spotify": "https://open.spotify.com/user/31ihsjyoksy6uizqpvoarcunerc4"
        },
        "href": "https://api.spotify.com/v1/users/31ihsjyoksy6uizqpvoarcunerc4",
        "id": "31ihsjyoksy6uizqpvoarcunerc4",
        "type": "user",
        "uri": "spotify:user:31ihsjyoksy6uizqpvoarcunerc4"
    },
    "primary_color": null,
    "public": false,
    "snapshot_id": "OCwwZDVkMTEyYzgxNDUzM2IyMjUyNjAxNjE4NjE3MmM4ZTY1YjE1M2Vi",
    "tracks": {
        "href": "https://api.spotify.com/v1/playlists/3QmhZrsafpANNgZXDKBf9U/tracks?offset=0&limit=100",
        "items": [
            
        ],
        "limit": 100,
        "next": null,
        "offset": 0,
        "previous": null,
        "total": 0
    },
    "type": "playlist",
    "uri": "spotify:playlist:3QmhZrsafpANNgZXDKBf9U"
}
]]></system-out>
  </testcase>
  <testcase name="ShouldNotBeAbleToCreateAPlaylistWithName" classname="com.spotify.oauth2.tests.PlaylistTests" time="33.301"/>
  <testcase name="ShouldBeAbleToCreateAPlaylist" classname="com.spotify.oauth2.tests.PlaylistTests" time="33.668">
    <system-out><![CDATA[HTTP/1.1 201 Created
content-type: application/json; charset=utf-8
cache-control: private, max-age=0
location: https://api.spotify.com/v1/playlists/5B7VSIGxPz1cx5nLXMng4S
x-robots-tag: noindex, nofollow
access-control-allow-origin: *
access-control-allow-headers: Accept, App-Platform, Authorization, Content-Type, Origin, Retry-After, Spotify-App-Version, X-Cloud-Trace-Context, client-token, content-access-token
access-control-allow-methods: GET, POST, OPTIONS, PUT, DELETE, PATCH
access-control-allow-credentials: true
access-control-max-age: 604800
content-encoding: gzip
strict-transport-security: max-age=31536000
x-content-type-options: nosniff
date: Tue, 29 Nov 2022 18:33:03 GMT
server: envoy
Via: HTTP/2 edgeproxy, 1.1 google
Alt-Svc: h3=":443"; ma=2592000,h3-29=":443"; ma=2592000
Transfer-Encoding: chunked

{
    "collaborative": false,
    "description": "Description ++1_0_6#1&2&##er&&&_y#+&_P#+0+ N/+&jC# 9_ _ r+_##L",
    "external_urls": {
        "spotify": "https://open.spotify.com/playlist/5B7VSIGxPz1cx5nLXMng4S"
    },
    "followers": {
        "href": null,
        "total": 0
    },
    "href": "https://api.spotify.com/v1/playlists/5B7VSIGxPz1cx5nLXMng4S",
    "id": "5B7VSIGxPz1cx5nLXMng4S",
    "images": [
        
    ],
    "name": "Playlist __,v_FHN,_",
    "owner": {
        "display_name": "Madhu",
        "external_urls": {
            "spotify": "https://open.spotify.com/user/31ihsjyoksy6uizqpvoarcunerc4"
        },
        "href": "https://api.spotify.com/v1/users/31ihsjyoksy6uizqpvoarcunerc4",
        "id": "31ihsjyoksy6uizqpvoarcunerc4",
        "type": "user",
        "uri": "spotify:user:31ihsjyoksy6uizqpvoarcunerc4"
    },
    "primary_color": null,
    "public": false,
    "snapshot_id": "MSwwYjEyYWQ3NWQyMWIzY2I1YzMzMzhkNTllODY4ZjRlNzBkNTBkNjc1",
    "tracks": {
        "href": "https://api.spotify.com/v1/playlists/5B7VSIGxPz1cx5nLXMng4S/tracks",
        "items": [
            
        ],
        "limit": 100,
        "next": null,
        "offset": 0,
        "previous": null,
        "total": 0
    },
    "type": "playlist",
    "uri": "spotify:playlist:5B7VSIGxPz1cx5nLXMng4S"
}
]]></system-out>
  </testcase>
  <testcase name="ShouldBeAbleToGetAPlaylist" classname="com.spotify.oauth2.tests.PlaylistTests" time="33.668"/>
</testsuite>